<?xml version="1.0" encoding="UTF-8"?>
<!-- Generated by org.testng.reporters.JUnitReportReporter -->
<testsuite skipped="0" hostname="LAPTOP-VL3863DK" name="test.loginTest" tests="1" failures="0" timestamp="2021-04-24T23:56:39 CDT" time="39.550" errors="0">
  <testcase name="userLogInScenario" time="39.550" classname="test.loginTest"/>
  <system-out/>
</testsuite> <!-- test.loginTest -->
